-------------------------
Arduino.mk Configuration:
- [AUTODETECTED]       CURRENT_OS = LINUX 
- [USER]               ARDUINO_DIR = /usr/share/arduino 
- [COMPUTED]           ARDMK_DIR = /usr/share/arduino (relative to Common.mk)
- [AUTODETECTED]       ARDUINO_VERSION = 105 
- [DEFAULT]            ARCHITECTURE =  
- [DEFAULT]            ARDMK_VENDOR = arduino 
- [DEFAULT]            ARDUINO_SKETCHBOOK =  
- [BUNDLED]            AVR_TOOLS_DIR = /usr/share/arduino/hardware/tools/avr (in Arduino distribution)
- [COMPUTED]           ARDUINO_LIB_PATH = /usr/share/arduino/libraries (from ARDUINO_DIR)
- [COMPUTED]           ARDUINO_VAR_PATH = /usr/share/arduino/hardware/arduino//variants (from ARDUINO_DIR)
- [COMPUTED]           BOARDS_TXT = /usr/share/arduino/hardware/arduino//boards.txt (from ARDUINO_DIR)
- [USER]               USER_LIB_PATH = /home/dmb/catkin_ws/src/storm/sketchbook/libraries 
- [DEFAULT]            PRE_BUILD_HOOK = pre-build-hook.sh 
- [USER]               BOARD_TAG = uno 
- [COMPUTED]           CORE = arduino (from build.core)
- [COMPUTED]           VARIANT = standard (from build.variant)
- [COMPUTED]           OBJDIR = build-uno (from BOARD_TAG)
- [COMPUTED]           ARDUINO_CORE_PATH = /usr/share/arduino/hardware/arduino//cores/arduino (from ARDUINO_DIR, BOARD_TAG and boards.txt)
- [ASSUMED]            MONITOR_BAUDRATE = 9600 
- [DEFAULT]            OPTIMIZATION_LEVEL = s 
- [DEFAULT]            MCU_FLAG_NAME = mmcu 
- [DEFAULT]            CFLAGS_STD = -std=gnu11 -flto -fno-fat-lto-objects 
- [DEFAULT]            CXXFLAGS_STD = -std=gnu++11 -fno-threadsafe-statics -flto 
- [COMPUTED]           DEVICE_PATH = /dev/ttyUSB_EMU (from MONITOR_PORT)
- [DEFAULT]            FORCE_MONITOR_PORT =  
- [AUTODETECTED]       Size utility: AVR-aware for enhanced output
-
-                      ARDUINO_LIBS =
- [USER]                 PinChangeInt
- [USER]                 ros_lib
- [SYSTEM]               Servo
- [COMPUTED]           BOOTLOADER_PARENT = /usr/share/arduino/hardware/arduino//bootloaders (from ARDUINO_DIR)
- [COMPUTED]           ARDMK_VERSION = 1.5 
- [COMPUTED]           CC_VERSION = 5.4.0 (avr-gcc)
-------------------------
mkdir -p build-uno
/usr/share/arduino/hardware/tools/avr/bin/avr-g++ -x c++ -include Arduino.h -MMD -c -mmcu=atmega328p -DF_CPU=16000000L -DARDUINO=105  -D__PROG_TYPES_COMPAT__ -I/usr/share/arduino/hardware/arduino//cores/arduino -I/usr/share/arduino/hardware/arduino//variants/standard    -I/usr/share/arduino/libraries/Servo    -I/home/dmb/catkin_ws/src/storm/sketchbook/libraries/PinChangeInt   -I/home/dmb/catkin_ws/src/storm/sketchbook/libraries/ros_lib -Wall -ffunction-sections -fdata-sections -Os -fpermissive -fno-exceptions -std=gnu++11 -fno-threadsafe-statics -flto EMUTwist.ino -o build-uno/EMUTwist.ino.o
/usr/share/arduino/hardware/tools/avr/bin/avr-gcc -mmcu=atmega328p -Wl,--gc-sections -Os -flto -fuse-linker-plugin -o build-uno/EMUTwist.elf build-uno/EMUTwist.ino.o build-uno/libcore.a   -lc -lm 
/usr/share/arduino/hardware/tools/avr/bin/avr-objcopy -O ihex -R .eeprom build-uno/EMUTwist.elf build-uno/EMUTwist.hex

/usr/share/arduino/hardware/tools/avr/bin/avr-size --mcu=atmega328p -C --format=avr build-uno/EMUTwist.elf
AVR Memory Usage
----------------
Device: atmega328p

Program:   16988 bytes (51.8% Full)
(.text + .data + .bootloader)

Data:       1401 bytes (68.4% Full)
(.data + .bss + .noinit)


make reset
make[1]: Entering directory '/home/dmb/catkin_ws/src/storm/sketchbook/EMUTwist'
/usr/bin/ard-reset-arduino  /dev/ttyUSB_EMU
make[1]: Leaving directory '/home/dmb/catkin_ws/src/storm/sketchbook/EMUTwist'
make do_upload
make[1]: Entering directory '/home/dmb/catkin_ws/src/storm/sketchbook/EMUTwist'
/usr/share/arduino/hardware/tools/avr/../avrdude -q -V -p atmega328p -C /usr/share/arduino/hardware/tools/avr/../avrdude.conf -D -c arduino -b 115200 -P /dev/ttyUSB_EMU \
		-U flash:w:build-uno/EMUTwist.hex:i
make[1]: Leaving directory '/home/dmb/catkin_ws/src/storm/sketchbook/EMUTwist'
